SF:/Users/wolf/Coden/WB.Disposable/src/DisposableObject.cs
FN:28,System.Boolean WB.Disposable.DisposableObject::get_IsDisposed()
FNDA:56,System.Boolean WB.Disposable.DisposableObject::get_IsDisposed()
DA:29,56
FN:30,System.Void WB.Disposable.DisposableObject::set_IsDisposed(System.Boolean)
FNDA:46,System.Void WB.Disposable.DisposableObject::set_IsDisposed(System.Boolean)
DA:31,46
DA:32,46
DA:33,20
DA:34,20
DA:37,26
DA:39,26
DA:40,46
BRDA:32,12,0,20
BRDA:32,12,1,26
BRDA:39,31,0,25
BRDA:39,31,1,1
FN:56,System.Void WB.Disposable.DisposableObject::Finalize()
FNDA:14,System.Void WB.Disposable.DisposableObject::Finalize()
DA:57,14
DA:58,7
DA:60,7
DA:61,14
FN:67,System.Void WB.Disposable.DisposableObject::Dispose()
FNDA:13,System.Void WB.Disposable.DisposableObject::Dispose()
DA:68,13
DA:70,13
DA:71,13
DA:73,13
DA:74,13
DA:76,13
DA:78,13
DA:80,13
DA:81,13
DA:82,13
FN:110,System.Void WB.Disposable.DisposableObject::Dispose(System.Boolean)
FNDA:26,System.Void WB.Disposable.DisposableObject::Dispose(System.Boolean)
DA:111,26
DA:112,26
DA:113,4
DA:114,4
DA:117,22
DA:118,16
DA:119,16
DA:120,16
DA:122,22
DA:123,26
BRDA:112,9,0,4
BRDA:112,9,1,22
BRDA:117,17,0,16
BRDA:117,17,1,22
FN:156,System.Void WB.Disposable.DisposableObject::DisposeManagedResources()
FNDA:14,System.Void WB.Disposable.DisposableObject::DisposeManagedResources()
DA:157,14
DA:158,14
FN:164,System.Void WB.Disposable.DisposableObject::DisposeUnmanagedResources()
FNDA:19,System.Void WB.Disposable.DisposableObject::DisposeUnmanagedResources()
DA:165,19
DA:166,19
FN:172,System.Threading.Tasks.ValueTask WB.Disposable.DisposableObject::DisposeManagedResourcesAsync()
FNDA:14,System.Threading.Tasks.ValueTask WB.Disposable.DisposableObject::DisposeManagedResourcesAsync()
DA:173,14
DA:174,14
DA:175,14
FN:181,System.Threading.Tasks.ValueTask WB.Disposable.DisposableObject::DisposeUnmanagedResourcesAsync()
FNDA:19,System.Threading.Tasks.ValueTask WB.Disposable.DisposableObject::DisposeUnmanagedResourcesAsync()
DA:182,19
DA:183,19
DA:184,19
FN:130,System.Void WB.Disposable.DisposableObject/<DisposeAsync>d__11::MoveNext()
FNDA:26,System.Void WB.Disposable.DisposableObject/<DisposeAsync>d__11::MoveNext()
DA:131,26
DA:132,26
DA:133,4
DA:134,4
DA:138,22
DA:139,22
DA:140,16
DA:141,16
DA:142,16
DA:144,22
DA:145,22
DA:147,22
DA:148,22
DA:149,22
DA:150,26
BRDA:132,29,0,4
BRDA:132,29,1,22
BRDA:139,65,0,16
BRDA:139,65,1,22
FN:85,System.Void WB.Disposable.DisposableObject/<DisposeAsync>d__9::MoveNext()
FNDA:11,System.Void WB.Disposable.DisposableObject/<DisposeAsync>d__9::MoveNext()
DA:86,11
DA:88,11
DA:89,11
DA:91,11
DA:92,11
DA:94,11
DA:96,11
DA:98,11
DA:99,11
DA:100,11
LF:67
LH:67
BRF:12
BRH:12
FNF:11
FNH:11
end_of_record