SF:/Users/wolf/Coden/WB.Disposable/src/DisposableList.cs
FN:31,System.Int32 WB.Disposable.DisposableList`1::get_Count()
FNDA:0,System.Int32 WB.Disposable.DisposableList`1::get_Count()
DA:32,0
DA:33,0
DA:34,0
DA:35,0
DA:37,0
FN:40,System.Boolean WB.Disposable.DisposableList`1::get_IsReadOnly()
FNDA:0,System.Boolean WB.Disposable.DisposableList`1::get_IsReadOnly()
DA:41,0
FN:51,T WB.Disposable.DisposableList`1::get_Item(System.Int32)
FNDA:0,T WB.Disposable.DisposableList`1::get_Item(System.Int32)
DA:52,0
DA:53,0
DA:54,0
DA:55,0
DA:57,0
FN:58,System.Void WB.Disposable.DisposableList`1::set_Item(System.Int32,T)
FNDA:0,System.Void WB.Disposable.DisposableList`1::set_Item(System.Int32,T)
DA:59,0
DA:60,0
DA:61,0
DA:62,0
DA:63,0
DA:64,0
FN:72,System.Void WB.Disposable.DisposableList`1::Add(T)
FNDA:6,System.Void WB.Disposable.DisposableList`1::Add(T)
DA:73,6
DA:74,6
DA:75,6
DA:76,6
DA:77,6
DA:78,6
FN:81,System.Void WB.Disposable.DisposableList`1::Clear()
FNDA:0,System.Void WB.Disposable.DisposableList`1::Clear()
DA:82,0
DA:83,0
DA:84,0
DA:85,0
DA:86,0
DA:87,0
FN:90,System.Boolean WB.Disposable.DisposableList`1::Contains(T)
FNDA:0,System.Boolean WB.Disposable.DisposableList`1::Contains(T)
DA:91,0
DA:92,0
DA:93,0
DA:94,0
DA:96,0
FN:99,System.Void WB.Disposable.DisposableList`1::CopyTo(T[],System.Int32)
FNDA:0,System.Void WB.Disposable.DisposableList`1::CopyTo(T[],System.Int32)
DA:100,0
DA:101,0
DA:102,0
DA:103,0
DA:104,0
DA:105,0
FN:108,System.Boolean WB.Disposable.DisposableList`1::Remove(T)
FNDA:0,System.Boolean WB.Disposable.DisposableList`1::Remove(T)
DA:109,0
DA:110,0
DA:111,0
DA:112,0
DA:114,0
FN:117,System.Int32 WB.Disposable.DisposableList`1::IndexOf(T)
FNDA:0,System.Int32 WB.Disposable.DisposableList`1::IndexOf(T)
DA:118,0
DA:119,0
DA:120,0
DA:121,0
DA:123,0
FN:126,System.Void WB.Disposable.DisposableList`1::Insert(System.Int32,T)
FNDA:0,System.Void WB.Disposable.DisposableList`1::Insert(System.Int32,T)
DA:127,0
DA:128,0
DA:129,0
DA:130,0
DA:131,0
DA:132,0
FN:135,System.Void WB.Disposable.DisposableList`1::RemoveAt(System.Int32)
FNDA:0,System.Void WB.Disposable.DisposableList`1::RemoveAt(System.Int32)
DA:136,0
DA:137,0
DA:138,0
DA:139,0
DA:140,0
DA:141,0
FN:143,System.Collections.Generic.IEnumerator`1<T> WB.Disposable.DisposableList`1::GetEnumerator()
FNDA:0,System.Collections.Generic.IEnumerator`1<T> WB.Disposable.DisposableList`1::GetEnumerator()
DA:144,0
FN:146,System.Collections.IEnumerator WB.Disposable.DisposableList`1::System.Collections.IEnumerable.GetEnumerator()
FNDA:0,System.Collections.IEnumerator WB.Disposable.DisposableList`1::System.Collections.IEnumerable.GetEnumerator()
DA:147,0
FN:154,System.Void WB.Disposable.DisposableList`1::DisposeManagedResources()
FNDA:2,System.Void WB.Disposable.DisposableList`1::DisposeManagedResources()
DA:155,2
DA:156,2
DA:158,2
DA:159,2
DA:160,10
DA:161,2
DA:162,2
DA:163,2
DA:164,2
DA:165,2
BRDA:160,69,1,2
BRDA:160,69,0,2
FN:21,System.Void WB.Disposable.DisposableList`1::.ctor()
FNDA:2,System.Void WB.Disposable.DisposableList`1::.ctor()
DA:22,2
FN:168,System.Void WB.Disposable.DisposableList`1/<DisposeManagedResourcesAsync>d__19::MoveNext()
FNDA:2,System.Void WB.Disposable.DisposableList`1/<DisposeManagedResourcesAsync>d__19::MoveNext()
DA:169,2
DA:170,2
DA:174,2
DA:175,2
DA:176,2
DA:178,2
DA:180,8
DA:181,2
DA:182,2
DA:183,2
DA:184,2
DA:186,2
DA:187,2
BRDA:180,317,1,2
BRDA:180,317,0,2
LF:88
LH:30
BRF:4
BRH:4
FNF:17
FNH:4
end_of_record